
> alpine-erp-core@0.1.0 dev C:\Users\themb\Documents\dev\office\departments\engineering\projects\active\kibologic\alpine-erp-core
> turbo run dev

• turbo 2.8.17
• Packages in scope: @alpine/core, @alpine/module-dashboard, @alpine/module-inventory, @alpine/module-pos, @alpine/module-settings, @alpine/module-users, @alpine/server, @alpine/ui
• Running dev in 8 packages
• Remote caching disabled
@alpine/ui:dev: cache bypass, force executing 510765b41ecbc470
@alpine/server:dev: cache bypass, force executing ad244a338b369320
@alpine/ui:dev: 
@alpine/ui:dev: > @alpine/ui@0.1.0 dev C:\Users\themb\Documents\dev\office\departments\engineering\projects\active\kibologic\alpine-erp-core\packages\ui
@alpine/ui:dev: > echo 'ui: no-op'
@alpine/ui:dev: 
@alpine/server:dev: 
@alpine/server:dev: > @alpine/server@0.1.0 dev C:\Users\themb\Documents\dev\office\departments\engineering\projects\active\kibologic\alpine-erp-core\apps\server
@alpine/server:dev: > tsx dev.mjs
@alpine/server:dev: 
@alpine/ui:dev: 'ui: no-op'
@alpine/server:dev: [proxy] /api/v1/* → http://127.0.0.1:8000
@alpine/server:dev: 
@alpine/server:dev: ⚡ SWITE - SWISS Development Server
@alpine/server:dev: 
@alpine/server:dev: [package-finder] Found swiss-lib at: C:\Users\themb\Documents\dev\office\departments\engineering\projects\active\kibologic\swiss-lib
@alpine/server:dev: [SWITE] Registry: @alpine/core: C:/Users/themb/Documents/dev/office/departments/engineering/projects/active/kibologic/alpine-erp-core/packages/core → /node_modules/@alpine/core
@alpine/server:dev: [SWITE] Registry: @alpine/module-dashboard: C:/Users/themb/Documents/dev/office/departments/engineering/projects/active/kibologic/alpine-erp-core/modules/dashboard → /node_modules/@alpine/module-dashboard
@alpine/server:dev: [SWITE] Registry: @alpine/module-inventory: C:/Users/themb/Documents/dev/office/departments/engineering/projects/active/kibologic/alpine-erp-core/modules/inventory → /node_modules/@alpine/module-inventory
@alpine/server:dev: [SWITE] Registry: @alpine/module-pos: C:/Users/themb/Documents/dev/office/departments/engineering/projects/active/kibologic/alpine-erp-core/modules/pos → /node_modules/@alpine/module-pos
@alpine/server:dev: [SWITE] Registry: @alpine/module-settings: C:/Users/themb/Documents/dev/office/departments/engineering/projects/active/kibologic/alpine-erp-core/modules/settings → /node_modules/@alpine/module-settings
@alpine/server:dev: [SWITE] Registry: @alpine/module-users: C:/Users/themb/Documents/dev/office/departments/engineering/projects/active/kibologic/alpine-erp-core/modules/users → /node_modules/@alpine/module-users
@alpine/server:dev: [SWITE] Registry: @alpine/ui: C:/Users/themb/Documents/dev/office/departments/engineering/projects/active/kibologic/alpine-ui/packages/ui → /node_modules/@alpine/ui
@alpine/server:dev: [SWITE] Registry: @swissjs/core: C:/Users/themb/Documents/dev/office/departments/engineering/projects/active/kibologic/swiss-lib/packages/core → /node_modules/@swissjs/core
@alpine/server:dev: [SWITE] Registry: @swissjs/swite: C:/Users/themb/Documents/dev/office/departments/engineering/projects/active/kibologic/swite → /node_modules/@swissjs/swite
@alpine/server:dev: [SWITE] Registry: reflect-metadata: C:/Users/themb/Documents/dev/office/departments/engineering/projects/active/kibologic/alpine-erp-core/node_modules/.pnpm/reflect-metadata@0.2.2/node_modules/reflect-metadata → /node_modules/reflect-metadata
@alpine/server:dev: [SWITE] Registry: tsx: C:/Users/themb/Documents/dev/office/departments/engineering/projects/active/kibologic/alpine-erp-core/node_modules/.pnpm/tsx@4.21.0/node_modules/tsx → /node_modules/tsx
@alpine/server:dev: [SWITE] Registry: tsx: C:/Users/themb/Documents/dev/office/departments/engineering/projects/active/kibologic/alpine-erp-core/node_modules/.pnpm/tsx@4.21.0/node_modules/tsx → /node_modules/tsx
@alpine/server:dev: [SWITE] Registry: turbo: C:/Users/themb/Documents/dev/office/departments/engineering/projects/active/kibologic/alpine-erp-core/node_modules/.pnpm/turbo@2.8.17/node_modules/turbo → /node_modules/turbo
@alpine/server:dev: [SWITE] Registry: @changesets/changelog-github: C:/Users/themb/Documents/dev/office/departments/engineering/projects/active/kibologic/swiss-lib/node_modules/.pnpm/@changesets+changelog-github@0.5.1/node_modules/@changesets/changelog-github → /node_modules/@changesets/changelog-github
@alpine/server:dev: [SWITE] Registry: @changesets/cli: C:/Users/themb/Documents/dev/office/departments/engineering/projects/active/kibologic/swiss-lib/node_modules/.pnpm/@changesets+cli@2.29.5/node_modules/@changesets/cli → /node_modules/@changesets/cli
@alpine/server:dev: [SWITE] Registry: @eslint/js: C:/Users/themb/Documents/dev/office/departments/engineering/projects/active/kibologic/swiss-lib/node_modules/.pnpm/@eslint+js@9.32.0/node_modules/@eslint/js → /node_modules/@eslint/js
@alpine/server:dev: [SWITE] Registry: @swissjs/compiler: C:/Users/themb/Documents/dev/office/departments/engineering/projects/active/kibologic/swiss-lib/packages/compiler → /node_modules/@swissjs/compiler
@alpine/server:dev: [SWITE] Registry: @swissjs/swite: C:/Users/themb/Documents/dev/office/departments/engineering/projects/active/kibologic/swiss-lib/node_modules/.pnpm/@swissjs+swite@https+++code_1ba01d347c0a2f606397e6ad487a8515/node_modules/@swissjs/swite → /node_modules/@swissjs/swite
@alpine/server:dev: [SWITE] Registry: @swissjs/utils: C:/Users/themb/Documents/dev/office/departments/engineering/projects/active/kibologic/swiss-lib/packages/utils → /node_modules/@swissjs/utils
@alpine/server:dev: [SWITE] Registry: @types/chalk: C:/Users/themb/Documents/dev/office/departments/engineering/projects/active/kibologic/swiss-lib/node_modules/.pnpm/@types+chalk@2.2.4/node_modules/@types/chalk → /node_modules/@types/chalk
@alpine/server:dev: [SWITE] Registry: @types/commander: C:/Users/themb/Documents/dev/office/departments/engineering/projects/active/kibologic/swiss-lib/node_modules/.pnpm/@types+commander@2.12.5/node_modules/@types/commander → /node_modules/@types/commander
@alpine/server:dev: [SWITE] Registry: @types/compression: C:/Users/themb/Documents/dev/office/departments/engineering/projects/active/kibologic/swiss-lib/node_modules/.pnpm/@types+compression@1.8.1/node_modules/@types/compression → /node_modules/@types/compression
@alpine/server:dev: [SWITE] Registry: @types/cors: C:/Users/themb/Documents/dev/office/departments/engineering/projects/active/kibologic/swiss-lib/node_modules/.pnpm/@types+cors@2.8.19/node_modules/@types/cors → /node_modules/@types/cors
@alpine/server:dev: [SWITE] Registry: @types/express: C:/Users/themb/Documents/dev/office/departments/engineering/projects/active/kibologic/swiss-lib/node_modules/.pnpm/@types+express@5.0.3/node_modules/@types/express → /node_modules/@types/express
@alpine/server:dev: [SWITE] Registry: @types/fs-extra: C:/Users/themb/Documents/dev/office/departments/engineering/projects/active/kibologic/swiss-lib/node_modules/.pnpm/@types+fs-extra@9.0.13/node_modules/@types/fs-extra → /node_modules/@types/fs-extra
@alpine/server:dev: [SWITE] Registry: @types/helmet: C:/Users/themb/Documents/dev/office/departments/engineering/projects/active/kibologic/swiss-lib/node_modules/.pnpm/@types+helmet@4.0.0/node_modules/@types/helmet → /node_modules/@types/helmet
@alpine/server:dev: [SWITE] Registry: @types/inquirer: C:/Users/themb/Documents/dev/office/departments/engineering/projects/active/kibologic/swiss-lib/node_modules/.pnpm/@types+inquirer@8.2.11/node_modules/@types/inquirer → /node_modules/@types/inquirer
@alpine/server:dev: [SWITE] Registry: @types/node: C:/Users/themb/Documents/dev/office/departments/engineering/projects/active/kibologic/swiss-lib/node_modules/.pnpm/@types+node@18.19.121/node_modules/@types/node → /node_modules/@types/node
@alpine/server:dev: [SWITE] Registry: @typescript-eslint/eslint-plugin: C:/Users/themb/Documents/dev/office/departments/engineering/projects/active/kibologic/swiss-lib/node_modules/.pnpm/@typescript-eslint+eslint-p_b6a3bc4fece58254e4b0e7768acb8f9a/node_modules/@typescript-eslint/eslint-plugin → /node_modules/@typescript-eslint/eslint-plugin
@alpine/server:dev: [SWITE] Registry: @typescript-eslint/parser: C:/Users/themb/Documents/dev/office/departments/engineering/projects/active/kibologic/swiss-lib/node_modules/.pnpm/@typescript-eslint+parser@8_1a6e2f313a9df6a8f20dedcf16cd35e8/node_modules/@typescript-eslint/parser → /node_modules/@typescript-eslint/parser
@alpine/server:dev: [SWITE] Registry: @vitest/coverage-v8: C:/Users/themb/Documents/dev/office/departments/engineering/projects/active/kibologic/swiss-lib/node_modules/.pnpm/@vitest+coverage-v8@3.2.4_vitest@3.2.4/node_modules/@vitest/coverage-v8 → /node_modules/@vitest/coverage-v8
@alpine/server:dev: [SWITE] Registry: @vitest/ui: C:/Users/themb/Documents/dev/office/departments/engineering/projects/active/kibologic/swiss-lib/node_modules/.pnpm/@vitest+ui@3.2.4_vitest@3.2.4/node_modules/@vitest/ui → /node_modules/@vitest/ui
@alpine/server:dev: [SWITE] Registry: @vscode/vsce: C:/Users/themb/Documents/dev/office/departments/engineering/projects/active/kibologic/swiss-lib/node_modules/.pnpm/@vscode+vsce@3.6.0/node_modules/@vscode/vsce → /node_modules/@vscode/vsce
@alpine/server:dev: [SWITE] Registry: c8: C:/Users/themb/Documents/dev/office/departments/engineering/projects/active/kibologic/swiss-lib/node_modules/.pnpm/c8@10.1.3/node_modules/c8 → /node_modules/c8
@alpine/server:dev: [SWITE] Registry: chalk: C:/Users/themb/Documents/dev/office/departments/engineering/projects/active/kibologic/swiss-lib/node_modules/.pnpm/chalk@5.4.1/node_modules/chalk → /node_modules/chalk
@alpine/server:dev: [SWITE] Registry: chokidar: C:/Users/themb/Documents/dev/office/departments/engineering/projects/active/kibologic/swiss-lib/node_modules/.pnpm/chokidar@3.6.0/node_modules/chokidar → /node_modules/chokidar
@alpine/server:dev: [SWITE] Registry: commander: C:/Users/themb/Documents/dev/office/departments/engineering/projects/active/kibologic/swiss-lib/node_modules/.pnpm/commander@14.0.0/node_modules/commander → /node_modules/commander
@alpine/server:dev: [SWITE] Registry: cross-env: C:/Users/themb/Documents/dev/office/departments/engineering/projects/active/kibologic/swiss-lib/node_modules/.pnpm/cross-env@10.1.0/node_modules/cross-env → /node_modules/cross-env
@alpine/server:dev: [SWITE] Registry: eslint: C:/Users/themb/Documents/dev/office/departments/engineering/projects/active/kibologic/swiss-lib/node_modules/.pnpm/eslint@9.32.0/node_modules/eslint → /node_modules/eslint
@alpine/server:dev: [SWITE] Registry: eslint-plugin-security: C:/Users/themb/Documents/dev/office/departments/engineering/projects/active/kibologic/swiss-lib/node_modules/.pnpm/eslint-plugin-security@3.0.1/node_modules/eslint-plugin-security → /node_modules/eslint-plugin-security
@alpine/server:dev: [SWITE] Registry: eslint-plugin-sonarjs: C:/Users/themb/Documents/dev/office/departments/engineering/projects/active/kibologic/swiss-lib/node_modules/.pnpm/eslint-plugin-sonarjs@2.0.4_edd6c8762c36981328c114bf9b199c54/node_modules/eslint-plugin-sonarjs → /node_modules/eslint-plugin-sonarjs
@alpine/server:dev: [SWITE] Registry: eslint-plugin-vitest: C:/Users/themb/Documents/dev/office/departments/engineering/projects/active/kibologic/swiss-lib/node_modules/.pnpm/eslint-plugin-vitest@0.5.4__9e28d645dd219bf4f665cc461e00899c/node_modules/eslint-plugin-vitest → /node_modules/eslint-plugin-vitest
@alpine/server:dev: [SWITE] Registry: express: C:/Users/themb/Documents/dev/office/departments/engineering/projects/active/kibologic/swiss-lib/node_modules/.pnpm/express@5.1.0/node_modules/express → /node_modules/express
@alpine/server:dev: [SWITE] Registry: fs-extra: C:/Users/themb/Documents/dev/office/departments/engineering/projects/active/kibologic/swiss-lib/node_modules/.pnpm/fs-extra@11.3.0/node_modules/fs-extra → /node_modules/fs-extra
@alpine/server:dev: [SWITE] Registry: globals: C:/Users/themb/Documents/dev/office/departments/engineering/projects/active/kibologic/swiss-lib/node_modules/.pnpm/globals@16.3.0/node_modules/globals → /node_modules/globals
@alpine/server:dev: [SWITE] Registry: husky: C:/Users/themb/Documents/dev/office/departments/engineering/projects/active/kibologic/swiss-lib/node_modules/.pnpm/husky@9.1.7/node_modules/husky → /node_modules/husky
@alpine/server:dev: [SWITE] Registry: lint-staged: C:/Users/themb/Documents/dev/office/departments/engineering/projects/active/kibologic/swiss-lib/node_modules/.pnpm/lint-staged@16.1.2/node_modules/lint-staged → /node_modules/lint-staged
@alpine/server:dev: [SWITE] Registry: markdownlint-cli2: C:/Users/themb/Documents/dev/office/departments/engineering/projects/active/kibologic/swiss-lib/node_modules/.pnpm/markdownlint-cli2@0.15.0/node_modules/markdownlint-cli2 → /node_modules/markdownlint-cli2
@alpine/server:dev: [SWITE] Registry: open: C:/Users/themb/Documents/dev/office/departments/engineering/projects/active/kibologic/swiss-lib/node_modules/.pnpm/open@10.2.0/node_modules/open → /node_modules/open
@alpine/server:dev: [SWITE] Registry: pnpm: C:/Users/themb/Documents/dev/office/departments/engineering/projects/active/kibologic/swiss-lib/node_modules/.pnpm/pnpm@8.15.9/node_modules/pnpm → /node_modules/pnpm
@alpine/server:dev: [SWITE] Registry: prettier: C:/Users/themb/Documents/dev/office/departments/engineering/projects/active/kibologic/swiss-lib/node_modules/.pnpm/prettier@3.6.2/node_modules/prettier → /node_modules/prettier
@alpine/server:dev: [SWITE] Registry: reflect-metadata: C:/Users/themb/Documents/dev/office/departments/engineering/projects/active/kibologic/swiss-lib/node_modules/.pnpm/reflect-metadata@0.2.2/node_modules/reflect-metadata → /node_modules/reflect-metadata
@alpine/server:dev: [SWITE] Registry: rollup: C:/Users/themb/Documents/dev/office/departments/engineering/projects/active/kibologic/swiss-lib/node_modules/.pnpm/rollup@4.46.2/node_modules/rollup → /node_modules/rollup
@alpine/server:dev: [SWITE] Registry: ts-node: C:/Users/themb/Documents/dev/office/departments/engineering/projects/active/kibologic/swiss-lib/node_modules/.pnpm/ts-node@10.9.2_@types+node@18.19.121_typescript@5.8.2/node_modules/ts-node → /node_modules/ts-node
@alpine/server:dev: [SWITE] Registry: turbo: C:/Users/themb/Documents/dev/office/departments/engineering/projects/active/kibologic/swiss-lib/node_modules/.pnpm/turbo@2.5.5/node_modules/turbo → /node_modules/turbo
@alpine/server:dev: [SWITE] Registry: typedoc: C:/Users/themb/Documents/dev/office/departments/engineering/projects/active/kibologic/swiss-lib/node_modules/.pnpm/typedoc@0.28.8_typescript@5.8.2/node_modules/typedoc → /node_modules/typedoc
@alpine/server:dev: [SWITE] Registry: typedoc-plugin-markdown: C:/Users/themb/Documents/dev/office/departments/engineering/projects/active/kibologic/swiss-lib/node_modules/.pnpm/typedoc-plugin-markdown@4.8_22be56eb07dc8cbd19b0bb0d67f27d3d/node_modules/typedoc-plugin-markdown → /node_modules/typedoc-plugin-markdown
@alpine/server:dev: [SWITE] Registry: typescript: C:/Users/themb/Documents/dev/office/departments/engineering/projects/active/kibologic/swiss-lib/node_modules/.pnpm/typescript@5.8.2/node_modules/typescript → /node_modules/typescript
@alpine/server:dev: [SWITE] Registry: typescript-eslint: C:/Users/themb/Documents/dev/office/departments/engineering/projects/active/kibologic/swiss-lib/node_modules/.pnpm/typescript-eslint@8.38.0_eslint@9.32.0_typescript@5.8.2/node_modules/typescript-eslint → /node_modules/typescript-eslint
@alpine/server:dev: [SWITE] Registry: vite: C:/Users/themb/Documents/dev/office/departments/engineering/projects/active/kibologic/swiss-lib/node_modules/.pnpm/vite@5.4.19_@types+node@18.19.121_lightningcss@1.30.2/node_modules/vite → /node_modules/vite
@alpine/server:dev: [SWITE] Registry: vitepress: C:/Users/themb/Documents/dev/office/departments/engineering/projects/active/kibologic/swiss-lib/node_modules/.pnpm/vitepress@1.6.4_@algolia+cl_da10a9e3cf91846a83ff61c265cb7cf9/node_modules/vitepress → /node_modules/vitepress
@alpine/server:dev: [SWITE] Registry: vitest: C:/Users/themb/Documents/dev/office/departments/engineering/projects/active/kibologic/swiss-lib/node_modules/.pnpm/vitest@3.2.4_@types+node@18_3de5aa0687b0cb09abd1314c71fa0fe3/node_modules/vitest → /node_modules/vitest
@alpine/server:dev: [SWITE] Symlink registry built: 61 entries from 3 node_modules dirs
@alpine/server:dev: Symlink Registry: 146.529ms
@alpine/server:dev: [workspace] Found workspace root with packages/: C:\Users\themb\Documents\dev\office\departments\engineering\projects\active\kibologic\alpine-erp-core
@alpine/server:dev:   📄 Scanning app routes from C:\Users\themb\Documents\dev\office\departments\engineering\projects\active\kibologic\alpine-erp-core\apps\server\app\src\pages
@alpine/server:dev:   ✓ Found 5 routes in C:\Users\themb\Documents\dev\office\departments\engineering\projects\active\kibologic\alpine-erp-core\apps\server\app\src\pages
@alpine/server:dev:   ✓ File router initialized with 5 routes
@alpine/server:dev: [workspace] Found workspace root with packages/: C:\Users\themb\Documents\dev\office\departments\engineering\projects\active\kibologic\alpine-erp-core
@alpine/server:dev: [SWITE] App root: C:\Users\themb\Documents\dev\office\departments\engineering\projects\active\kibologic\alpine-erp-core\apps\server\app
@alpine/server:dev: [SWITE] Detected workspace root: C:\Users\themb\Documents\dev\office\departments\engineering\projects\active\kibologic\alpine-erp-core
@alpine/server:dev: [Resolver] Loaded import map with 1 entries
@alpine/server:dev: [static-files] ⚡ setupStaticFiles called with root: C:\Users\themb\Documents\dev\office\departments\engineering\projects\active\kibologic\alpine-erp-core\apps\server\app
@alpine/server:dev: [workspace] Found workspace root with packages/: C:\Users\themb\Documents\dev\office\departments\engineering\projects\active\kibologic\alpine-erp-core
@alpine/server:dev:   📦 Serving workspace node_modules from C:\Users\themb\Documents\dev\office\departments\engineering\projects\active\kibologic\alpine-erp-core\node_modules
@alpine/server:dev: [static-files] Workspace root: C:\Users\themb\Documents\dev\office\departments\engineering\projects\active\kibologic\alpine-erp-core
@alpine/server:dev: [static-files] App root: C:\Users\themb\Documents\dev\office\departments\engineering\projects\active\kibologic\alpine-erp-core\apps\server\app
@alpine/server:dev: [static-files] Determining lib/ path... workspaceRoot: C:\Users\themb\Documents\dev\office\departments\engineering\projects\active\kibologic\alpine-erp-core, config.root: C:\Users\themb\Documents\dev\office\departments\engineering\projects\active\kibologic\alpine-erp-core\apps\server\app
@alpine/server:dev: [static-files] Trying workspace root lib/: C:\Users\themb\Documents\dev\office\departments\engineering\projects\active\kibologic\alpine-erp-core\lib
@alpine/server:dev: [static-files] Checking for lib/ directory... libPath: C:\Users\themb\Documents\dev\office\departments\engineering\projects\active\kibologic\alpine-erp-core\lib
@alpine/server:dev: [static-files] Final lib path to check: C:\Users\themb\Documents\dev\office\departments\engineering\projects\active\kibologic\alpine-erp-core\lib
@alpine/server:dev: [static-files] workspaceRoot: C:\Users\themb\Documents\dev\office\departments\engineering\projects\active\kibologic\alpine-erp-core, config.root: C:\Users\themb\Documents\dev\office\departments\engineering\projects\active\kibologic\alpine-erp-core\apps\server\app
@alpine/server:dev: [static-files] ❌ lib/ directory not found at: C:\Users\themb\Documents\dev\office\departments\engineering\projects\active\kibologic\alpine-erp-core\lib
@alpine/server:dev: [static-files] Error: ENOENT: no such file or directory, access 'C:\Users\themb\Documents\dev\office\departments\engineering\projects\active\kibologic\alpine-erp-core\lib'
@alpine/server:dev: [static-files] ⚠️  /lib middleware will NOT be registered - CSS files will 404!
@alpine/server:dev:   📦 Serving workspace modules/ from C:\Users\themb\Documents\dev\office\departments\engineering\projects\active\kibologic\alpine-erp-core\modules
@alpine/server:dev: [SWITE] setupSPAFallback loaded - VERSION 3.0.0 (NO HARDCODED CSS)
@alpine/server:dev: Middleware Setup: 29.632ms
@alpine/server:dev: [HMR] WebSocket server started on port 24678
@alpine/server:dev: [HMR] Watching for file changes...
@alpine/server:dev: HMR Start: 21.46ms
@alpine/server:dev: HTTP Listen: 22.132ms
@alpine/server:dev: Startup: 221.103ms
@alpine/server:dev:   ➜ Local:   http://localhost:3000/
@alpine/server:dev:   ➜ Ready in 222ms
@alpine/server:dev: 
@alpine/server:dev: [HMR] C:\Users\themb\Documents\dev\office\departments\engineering\projects\active\kibologic\alpine-erp-core\apps\server\app\src\shell\Shell.uix changed
